2025-12-12 14:29:03 INFO  o.h.jpa.internal.util.LogHelper -- HHH000204: Processing PersistenceUnitInfo [name: default]
2025-12-12 14:29:03 INFO  org.hibernate.Version -- HHH000412: Hibernate ORM core version 6.5.2.Final
2025-12-12 14:29:03 INFO  org.hibernate.cfg.Environment -- HHH000205: Loaded properties from resource hibernate.properties: {hibernate.format_sql=true, hibernate.sessionTimeout.seconds=180, hibernate.dialect=org.hibernate.dialect.PostgreSQLDialect, hibernate.driver_class=org.postgresql.Driver, hibernate.show_sql=true}
2025-12-12 14:29:03 INFO  o.h.c.i.RegionFactoryInitiator -- HHH000026: Second-level cache disabled
2025-12-12 14:29:04 WARN  org.hibernate.orm.deprecation -- HHH90000025: H2Dialect does not need to be specified explicitly using 'hibernate.dialect' (remove the property setting and it will be selected by default)
2025-12-12 14:29:04 INFO  o.h.validator.internal.util.Version -- HV000001: Hibernate Validator 8.0.1.Final
2025-12-12 14:29:05 INFO  o.h.e.t.j.p.i.JtaPlatformInitiator -- HHH000489: No JTA platform available (set 'hibernate.transaction.jta.platform' to enable JTA platform integration)
2025-12-12 14:29:07 INFO  o.h.jpa.internal.util.LogHelper -- HHH000204: Processing PersistenceUnitInfo [name: default]
2025-12-12 14:29:07 INFO  o.h.c.i.RegionFactoryInitiator -- HHH000026: Second-level cache disabled
2025-12-12 14:29:07 WARN  org.hibernate.orm.deprecation -- HHH90000025: H2Dialect does not need to be specified explicitly using 'hibernate.dialect' (remove the property setting and it will be selected by default)
2025-12-12 14:29:07 INFO  o.h.e.t.j.p.i.JtaPlatformInitiator -- HHH000489: No JTA platform available (set 'hibernate.transaction.jta.platform' to enable JTA platform integration)
2025-12-12 14:29:08 WARN  o.h.e.jdbc.spi.SqlExceptionHelper -- SQL Error: 23505, SQLState: 23505
2025-12-12 14:29:08 ERROR o.h.e.jdbc.spi.SqlExceptionHelper -- Нарушение уникального индекса или первичного ключа: "PROJECT_SCHEMA.CONSTRAINT_INDEX_4 ON PROJECT_SCHEMA.USERS(LOGIN NULLS FIRST) VALUES ( /* 1 */ 'login' )"
Unique index or primary key violation: "PROJECT_SCHEMA.CONSTRAINT_INDEX_4 ON PROJECT_SCHEMA.USERS(LOGIN NULLS FIRST) VALUES ( /* 1 */ 'login' )"; SQL statement:
insert into project_schema.users (login,password,id) values (?,?,default) [23505-224]
2025-12-12 16:21:34 INFO  o.h.jpa.internal.util.LogHelper -- HHH000204: Processing PersistenceUnitInfo [name: default]
2025-12-12 16:21:34 INFO  org.hibernate.Version -- HHH000412: Hibernate ORM core version 6.5.2.Final
2025-12-12 16:21:34 INFO  org.hibernate.cfg.Environment -- HHH000205: Loaded properties from resource hibernate.properties: {hibernate.format_sql=true, hibernate.sessionTimeout.seconds=180, hibernate.dialect=org.hibernate.dialect.PostgreSQLDialect, hibernate.driver_class=org.postgresql.Driver, hibernate.show_sql=true}
2025-12-12 16:21:34 INFO  o.h.c.i.RegionFactoryInitiator -- HHH000026: Second-level cache disabled
2025-12-12 16:21:35 WARN  org.hibernate.orm.deprecation -- HHH90000025: H2Dialect does not need to be specified explicitly using 'hibernate.dialect' (remove the property setting and it will be selected by default)
2025-12-12 16:21:35 INFO  o.h.validator.internal.util.Version -- HV000001: Hibernate Validator 8.0.1.Final
2025-12-12 16:21:36 INFO  o.h.e.t.j.p.i.JtaPlatformInitiator -- HHH000489: No JTA platform available (set 'hibernate.transaction.jta.platform' to enable JTA platform integration)
2025-12-12 16:21:37 WARN  o.h.e.jdbc.spi.SqlExceptionHelper -- SQL Error: 23505, SQLState: 23505
2025-12-12 16:21:37 ERROR o.h.e.jdbc.spi.SqlExceptionHelper -- Нарушение уникального индекса или первичного ключа: "PROJECT_SCHEMA.CONSTRAINT_INDEX_4 ON PROJECT_SCHEMA.USERS(LOGIN NULLS FIRST) VALUES ( /* 1 */ 'login' )"
Unique index or primary key violation: "PROJECT_SCHEMA.CONSTRAINT_INDEX_4 ON PROJECT_SCHEMA.USERS(LOGIN NULLS FIRST) VALUES ( /* 1 */ 'login' )"; SQL statement:
insert into project_schema.users (login,password,id) values (?,?,default) [23505-224]
2025-12-12 16:21:51 INFO  o.h.jpa.internal.util.LogHelper -- HHH000204: Processing PersistenceUnitInfo [name: default]
2025-12-12 16:21:51 INFO  org.hibernate.Version -- HHH000412: Hibernate ORM core version 6.5.2.Final
2025-12-12 16:21:51 INFO  org.hibernate.cfg.Environment -- HHH000205: Loaded properties from resource hibernate.properties: {hibernate.format_sql=true, hibernate.sessionTimeout.seconds=180, hibernate.dialect=org.hibernate.dialect.PostgreSQLDialect, hibernate.driver_class=org.postgresql.Driver, hibernate.show_sql=true}
2025-12-12 16:21:51 INFO  o.h.c.i.RegionFactoryInitiator -- HHH000026: Second-level cache disabled
2025-12-12 16:21:51 WARN  org.hibernate.orm.deprecation -- HHH90000025: H2Dialect does not need to be specified explicitly using 'hibernate.dialect' (remove the property setting and it will be selected by default)
2025-12-12 16:21:51 INFO  o.h.validator.internal.util.Version -- HV000001: Hibernate Validator 8.0.1.Final
2025-12-12 16:21:52 INFO  o.h.e.t.j.p.i.JtaPlatformInitiator -- HHH000489: No JTA platform available (set 'hibernate.transaction.jta.platform' to enable JTA platform integration)
2025-12-12 16:53:32 INFO  o.h.jpa.internal.util.LogHelper -- HHH000204: Processing PersistenceUnitInfo [name: default]
2025-12-12 16:53:32 INFO  org.hibernate.Version -- HHH000412: Hibernate ORM core version 6.5.2.Final
2025-12-12 16:53:32 INFO  org.hibernate.cfg.Environment -- HHH000205: Loaded properties from resource hibernate.properties: {hibernate.format_sql=true, hibernate.sessionTimeout.seconds=180, hibernate.dialect=org.hibernate.dialect.PostgreSQLDialect, hibernate.driver_class=org.postgresql.Driver, hibernate.show_sql=true}
2025-12-12 16:53:32 INFO  o.h.c.i.RegionFactoryInitiator -- HHH000026: Second-level cache disabled
2025-12-12 16:53:33 WARN  org.hibernate.orm.deprecation -- HHH90000025: H2Dialect does not need to be specified explicitly using 'hibernate.dialect' (remove the property setting and it will be selected by default)
2025-12-12 16:53:33 INFO  o.h.validator.internal.util.Version -- HV000001: Hibernate Validator 8.0.1.Final
2025-12-12 16:53:34 INFO  o.h.e.t.j.p.i.JtaPlatformInitiator -- HHH000489: No JTA platform available (set 'hibernate.transaction.jta.platform' to enable JTA platform integration)
2025-12-12 16:53:36 INFO  o.h.jpa.internal.util.LogHelper -- HHH000204: Processing PersistenceUnitInfo [name: default]
2025-12-12 16:53:36 INFO  o.h.c.i.RegionFactoryInitiator -- HHH000026: Second-level cache disabled
2025-12-12 16:53:36 WARN  org.hibernate.orm.deprecation -- HHH90000025: H2Dialect does not need to be specified explicitly using 'hibernate.dialect' (remove the property setting and it will be selected by default)
2025-12-12 16:53:36 INFO  o.h.e.t.j.p.i.JtaPlatformInitiator -- HHH000489: No JTA platform available (set 'hibernate.transaction.jta.platform' to enable JTA platform integration)
2025-12-12 16:53:36 WARN  o.h.e.jdbc.spi.SqlExceptionHelper -- SQL Error: 23505, SQLState: 23505
2025-12-12 16:53:36 ERROR o.h.e.jdbc.spi.SqlExceptionHelper -- Нарушение уникального индекса или первичного ключа: "PROJECT_SCHEMA.CONSTRAINT_INDEX_4 ON PROJECT_SCHEMA.USERS(LOGIN NULLS FIRST) VALUES ( /* 1 */ 'login' )"
Unique index or primary key violation: "PROJECT_SCHEMA.CONSTRAINT_INDEX_4 ON PROJECT_SCHEMA.USERS(LOGIN NULLS FIRST) VALUES ( /* 1 */ 'login' )"; SQL statement:
insert into project_schema.users (login,password,id) values (?,?,default) [23505-224]
